<?xml version="1.0" encoding="UTF-8"?>
<!-- Generated by org.testng.reporters.JUnitXMLReporter -->
<testsuite hostname="LHTU05CG63650JX" ignored="0" name="Test1" tests="2" failures="2" timestamp="15 Jul 2019 15:34:13 GMT" time="111.86" errors="0">
  <testcase name="TopRatedMoviesSortByRatingsAsc" time="34.944" classname="Tests.TopRatedMoviesSortByRatings">
    <failure type="java.lang.AssertionError" message="&amp;lt;b&amp;gt;After sorting data not as expected&amp;lt;/b&amp;gt; expected [true] but found [false]">
      <![CDATA[java.lang.AssertionError: <b>After sorting data not as expected</b> expected [true] but found [false]
	at Utility.ListsMethods.AssertionsForListsComparison(ListsMethods.java:221)
	at Tests.TopRatedMoviesSortByRatings.TopRatedMoviesSortByRatingsAsc(TopRatedMoviesSortByRatings.java:31)
... Removed 28 stack frames]]>
    </failure>
  </testcase> <!-- TopRatedMoviesSortByRatingsAsc -->
  <testcase name="TopRatedMoviesSortByRatingsDesc" time="34.467" classname="Tests.TopRatedMoviesSortByRatings">
    <failure type="java.lang.AssertionError" message="&amp;lt;b&amp;gt;After sorting data not as expected&amp;lt;/b&amp;gt; expected [true] but found [false]">
      <![CDATA[java.lang.AssertionError: <b>After sorting data not as expected</b> expected [true] but found [false]
	at Utility.ListsMethods.AssertionsForListsComparison(ListsMethods.java:221)
	at Tests.TopRatedMoviesSortByRatings.TopRatedMoviesSortByRatingsDesc(TopRatedMoviesSortByRatings.java:56)
... Removed 28 stack frames]]>
    </failure>
  </testcase> <!-- TopRatedMoviesSortByRatingsDesc -->
</testsuite> <!-- Test1 -->
