<?xml version="1.0" encoding="UTF-8"?>
<!-- Generated by org.testng.reporters.JUnitXMLReporter -->
<testsuite hostname="LHTU05CG63650JX" ignored="0" name="Test" tests="2" failures="2" timestamp="15 Jul 2019 15:32:21 GMT" time="119.135" errors="0">
  <testcase name="TopRatedMoviesSortByNumberOfRatingsAsc" time="35.096" classname="Tests.TopRatedMoviesSortByNumberOfRatings">
    <failure type="java.lang.AssertionError" message="&amp;lt;b&amp;gt;After sorting data not as expected&amp;lt;/b&amp;gt; expected [true] but found [false]">
      <![CDATA[java.lang.AssertionError: <b>After sorting data not as expected</b> expected [true] but found [false]
	at Utility.ListsMethods.AssertionsForListsComparison(ListsMethods.java:221)
	at Tests.TopRatedMoviesSortByNumberOfRatings.TopRatedMoviesSortByNumberOfRatingsAsc(TopRatedMoviesSortByNumberOfRatings.java:31)
... Removed 28 stack frames]]>
    </failure>
  </testcase> <!-- TopRatedMoviesSortByNumberOfRatingsAsc -->
  <testcase name="TopRatedMoviesSortByNumberOfRatingsDesc" time="34.596" classname="Tests.TopRatedMoviesSortByNumberOfRatings">
    <failure type="java.lang.AssertionError" message="&amp;lt;b&amp;gt;After sorting data not as expected&amp;lt;/b&amp;gt; expected [true] but found [false]">
      <![CDATA[java.lang.AssertionError: <b>After sorting data not as expected</b> expected [true] but found [false]
	at Utility.ListsMethods.AssertionsForListsComparison(ListsMethods.java:221)
	at Tests.TopRatedMoviesSortByNumberOfRatings.TopRatedMoviesSortByNumberOfRatingsDesc(TopRatedMoviesSortByNumberOfRatings.java:50)
... Removed 28 stack frames]]>
    </failure>
  </testcase> <!-- TopRatedMoviesSortByNumberOfRatingsDesc -->
</testsuite> <!-- Test -->
