<?xml version="1.0" encoding="UTF-8"?>
<!-- Generated by org.testng.reporters.JUnitXMLReporter -->
<testsuite hostname="LHTU05CG63650JX" ignored="0" name="IMDB Tests" tests="8" failures="6" timestamp="15 Jul 2019 16:48:55 GMT" time="302.53" errors="0">
  <testcase name="Top_Rated_Movies_SortBy_Date_Asc" time="33.534" classname="Tests.Top_Rated_Movies_Sorting_Tests">
    <failure type="java.lang.AssertionError" message="&amp;lt;b&amp;gt;After sorting data not as expected&amp;lt;/b&amp;gt; expected [true] but found [false]">
      <![CDATA[java.lang.AssertionError: <b>After sorting data not as expected</b> expected [true] but found [false]
	at Utility.ListsMethods.AssertionsForListsComparison(ListsMethods.java:213)
	at Tests.Top_Rated_Movies_Sorting_Tests.Top_Rated_Movies_SortBy_Date_Asc(Top_Rated_Movies_Sorting_Tests.java:65)
... Removed 31 stack frames]]>
    </failure>
  </testcase> <!-- Top_Rated_Movies_SortBy_Date_Asc -->
  <testcase name="Top_Rated_Movies_SortBy_Date_Desc" time="31.68" classname="Tests.Top_Rated_Movies_Sorting_Tests">
    <failure type="java.lang.AssertionError" message="&amp;lt;b&amp;gt;After sorting data not as expected&amp;lt;/b&amp;gt; expected [true] but found [false]">
      <![CDATA[java.lang.AssertionError: <b>After sorting data not as expected</b> expected [true] but found [false]
	at Utility.ListsMethods.AssertionsForListsComparison(ListsMethods.java:213)
	at Tests.Top_Rated_Movies_Sorting_Tests.Top_Rated_Movies_SortBy_Date_Desc(Top_Rated_Movies_Sorting_Tests.java:73)
... Removed 31 stack frames]]>
    </failure>
  </testcase> <!-- Top_Rated_Movies_SortBy_Date_Desc -->
  <testcase name="Top_Rated_Movies_SortBy_Number_Of_Ratings_Asc" time="31.707" classname="Tests.Top_Rated_Movies_Sorting_Tests">
    <failure type="java.lang.AssertionError" message="&amp;lt;b&amp;gt;After sorting data not as expected&amp;lt;/b&amp;gt; expected [true] but found [false]">
      <![CDATA[java.lang.AssertionError: <b>After sorting data not as expected</b> expected [true] but found [false]
	at Utility.ListsMethods.AssertionsForListsComparison(ListsMethods.java:213)
	at Tests.Top_Rated_Movies_Sorting_Tests.Top_Rated_Movies_SortBy_Number_Of_Ratings_Asc(Top_Rated_Movies_Sorting_Tests.java:31)
... Removed 31 stack frames]]>
    </failure>
  </testcase> <!-- Top_Rated_Movies_SortBy_Number_Of_Ratings_Asc -->
  <testcase name="Top_Rated_Movies_SortBy_Number_Of_Ratings_Desc" time="31.527" classname="Tests.Top_Rated_Movies_Sorting_Tests">
    <failure type="java.lang.AssertionError" message="&amp;lt;b&amp;gt;After sorting data not as expected&amp;lt;/b&amp;gt; expected [true] but found [false]">
      <![CDATA[java.lang.AssertionError: <b>After sorting data not as expected</b> expected [true] but found [false]
	at Utility.ListsMethods.AssertionsForListsComparison(ListsMethods.java:213)
	at Tests.Top_Rated_Movies_Sorting_Tests.Top_Rated_Movies_SortBy_Number_Of_Ratings_Desc(Top_Rated_Movies_Sorting_Tests.java:41)
... Removed 31 stack frames]]>
    </failure>
  </testcase> <!-- Top_Rated_Movies_SortBy_Number_Of_Ratings_Desc -->
  <testcase name="Top_Rated_Movies_SortBy_Rank_Asc" time="32.026" classname="Tests.Top_Rated_Movies_Sorting_Tests"/>
  <testcase name="Top_Rated_Movies_SortBy_Rank_Desc" time="31.299" classname="Tests.Top_Rated_Movies_Sorting_Tests"/>
  <testcase name="Top_Rated_Movies_SortBy_Ratings_Asc" time="32.288" classname="Tests.Top_Rated_Movies_Sorting_Tests">
    <failure type="java.lang.AssertionError" message="&amp;lt;b&amp;gt;After sorting data not as expected&amp;lt;/b&amp;gt; expected [true] but found [false]">
      <![CDATA[java.lang.AssertionError: <b>After sorting data not as expected</b> expected [true] but found [false]
	at Utility.ListsMethods.AssertionsForListsComparison(ListsMethods.java:213)
	at Tests.Top_Rated_Movies_Sorting_Tests.Top_Rated_Movies_SortBy_Ratings_Asc(Top_Rated_Movies_Sorting_Tests.java:49)
... Removed 31 stack frames]]>
    </failure>
  </testcase> <!-- Top_Rated_Movies_SortBy_Ratings_Asc -->
  <testcase name="Top_Rated_Movies_SortBy_Ratings_Desc" time="32.29" classname="Tests.Top_Rated_Movies_Sorting_Tests">
    <failure type="java.lang.AssertionError" message="&amp;lt;b&amp;gt;After sorting data not as expected&amp;lt;/b&amp;gt; expected [true] but found [false]">
      <![CDATA[java.lang.AssertionError: <b>After sorting data not as expected</b> expected [true] but found [false]
	at Utility.ListsMethods.AssertionsForListsComparison(ListsMethods.java:213)
	at Tests.Top_Rated_Movies_Sorting_Tests.Top_Rated_Movies_SortBy_Ratings_Desc(Top_Rated_Movies_Sorting_Tests.java:57)
... Removed 31 stack frames]]>
    </failure>
  </testcase> <!-- Top_Rated_Movies_SortBy_Ratings_Desc -->
</testsuite> <!-- IMDB Tests -->
