<?xml version="1.0" encoding="UTF-8"?>
<testsuite xmlns:xsi="http://www.w3.org/2001/XMLSchema-instance" xsi:schemaLocation="https://maven.apache.org/surefire/maven-surefire-plugin/xsd/surefire-test-report.xsd" name="TestSuite" time="317.437" tests="8" errors="0" skipped="0" failures="6">
  <properties>
[...]
</properties>
  <testcase name="Top_Rated_Movies_SortBy_Date_Asc" classname="Tests.Top_Rated_Movies_Sorting_Tests" time="33.555">
    <failure message="&lt;b&gt;After sorting data not as expected&lt;/b&gt; expected [true] but found [false]" type="java.lang.AssertionError"><![CDATA[java.lang.AssertionError: <b>After sorting data not as expected</b> expected [true] but found [false]
	at Tests.Top_Rated_Movies_Sorting_Tests.Top_Rated_Movies_SortBy_Date_Asc(Top_Rated_Movies_Sorting_Tests.java:65)
]]></failure>
    <system-out><![CDATA[Element still not visible
Top Rated Movies Sort By Release Date Asc order
249
Screen shot taken
]]></system-out>
    <system-err><![CDATA[Starting ChromeDriver 2.40.565498 (ea082db3280dd6843ebfb08a625e3eb905c4f5ab) on port 31679
Only local connections are allowed.
Jul 15, 2019 10:13:52 PM org.openqa.selenium.remote.ProtocolHandshake createSession
INFO: Detected dialect: OSS
]]></system-err>
  </testcase>
  <testcase name="Top_Rated_Movies_SortBy_Date_Desc" classname="Tests.Top_Rated_Movies_Sorting_Tests" time="31.68">
    <failure message="&lt;b&gt;After sorting data not as expected&lt;/b&gt; expected [true] but found [false]" type="java.lang.AssertionError"><![CDATA[java.lang.AssertionError: <b>After sorting data not as expected</b> expected [true] but found [false]
	at Tests.Top_Rated_Movies_Sorting_Tests.Top_Rated_Movies_SortBy_Date_Desc(Top_Rated_Movies_Sorting_Tests.java:73)
]]></failure>
    <system-out><![CDATA[Top Rated Movies Sort By Release Date Desc order
249
Screen shot taken
]]></system-out>
  </testcase>
  <testcase name="Top_Rated_Movies_SortBy_Number_Of_Ratings_Asc" classname="Tests.Top_Rated_Movies_Sorting_Tests" time="31.707">
    <failure message="&lt;b&gt;After sorting data not as expected&lt;/b&gt; expected [true] but found [false]" type="java.lang.AssertionError"><![CDATA[java.lang.AssertionError: <b>After sorting data not as expected</b> expected [true] but found [false]
	at Tests.Top_Rated_Movies_Sorting_Tests.Top_Rated_Movies_SortBy_Number_Of_Ratings_Asc(Top_Rated_Movies_Sorting_Tests.java:31)
]]></failure>
    <system-out><![CDATA[Top Rated Movies Sort By Number Of Ratings Asc order
250
Screen shot taken
]]></system-out>
  </testcase>
  <testcase name="Top_Rated_Movies_SortBy_Number_Of_Ratings_Desc" classname="Tests.Top_Rated_Movies_Sorting_Tests" time="31.527">
    <failure message="&lt;b&gt;After sorting data not as expected&lt;/b&gt; expected [true] but found [false]" type="java.lang.AssertionError"><![CDATA[java.lang.AssertionError: <b>After sorting data not as expected</b> expected [true] but found [false]
	at Tests.Top_Rated_Movies_Sorting_Tests.Top_Rated_Movies_SortBy_Number_Of_Ratings_Desc(Top_Rated_Movies_Sorting_Tests.java:41)
]]></failure>
    <system-out><![CDATA[Top Rated Movies Sort By Number Of Ratings Desc order
250
Screen shot taken
]]></system-out>
  </testcase>
  <testcase name="Top_Rated_Movies_SortBy_Rank_Asc" classname="Tests.Top_Rated_Movies_Sorting_Tests" time="32.026"/>
  <testcase name="Top_Rated_Movies_SortBy_Rank_Desc" classname="Tests.Top_Rated_Movies_Sorting_Tests" time="31.299"/>
  <testcase name="Top_Rated_Movies_SortBy_Ratings_Asc" classname="Tests.Top_Rated_Movies_Sorting_Tests" time="32.288">
    <failure message="&lt;b&gt;After sorting data not as expected&lt;/b&gt; expected [true] but found [false]" type="java.lang.AssertionError"><![CDATA[java.lang.AssertionError: <b>After sorting data not as expected</b> expected [true] but found [false]
	at Tests.Top_Rated_Movies_Sorting_Tests.Top_Rated_Movies_SortBy_Ratings_Asc(Top_Rated_Movies_Sorting_Tests.java:49)
]]></failure>
    <system-out><![CDATA[Top Rated Movies Sort By Ratings Asc order
210
Screen shot taken
]]></system-out>
  </testcase>
  <testcase name="Top_Rated_Movies_SortBy_Ratings_Desc" classname="Tests.Top_Rated_Movies_Sorting_Tests" time="32.291">
    <failure message="&lt;b&gt;After sorting data not as expected&lt;/b&gt; expected [true] but found [false]" type="java.lang.AssertionError"><![CDATA[java.lang.AssertionError: <b>After sorting data not as expected</b> expected [true] but found [false]
	at Tests.Top_Rated_Movies_Sorting_Tests.Top_Rated_Movies_SortBy_Ratings_Desc(Top_Rated_Movies_Sorting_Tests.java:57)
]]></failure>
    <system-out><![CDATA[Top Rated Movies Sort By Ratings Desc order
250
Screen shot taken
]]></system-out>
  </testcase>
</testsuite>